# JRE version: Java(TM) SE Runtime Environment (8.0_121-b13) (build 1.8.0_121-b13)
# Java VM: Java HotSpot(TM) 64-Bit Server VM (25.121-b13 mixed mode windows-amd64 compressed oops)
Heap:
 PSYoungGen      total 2048K, used 291K [0x00000000d5d00000, 0x00000000d5f80000, 0x0000000100000000)
  eden space 1536K, 18% used [0x00000000d5d00000,0x00000000d5d48cf0,0x00000000d5e80000)
  from space 512K, 0% used [0x00000000d5f00000,0x00000000d5f00000,0x00000000d5f80000)
  to   space 512K, 0% used [0x00000000d5e80000,0x00000000d5e80000,0x00000000d5f00000)
 ParOldGen       total 5632K, used 529K [0x0000000081600000, 0x0000000081b80000, 0x00000000d5d00000)
  object space 5632K, 9% used [0x0000000081600000,0x0000000081684680,0x0000000081b80000)
 Metaspace       used 4244K, capacity 5428K, committed 5760K, reserved 1058816K
  class space    used 513K, capacity 560K, committed 640K, reserved 1048576K
GC Heap History (10 events):
Event: 0.196 GC heap before
{Heap before GC invocations=2 (full 0):
 PSYoungGen      total 2048K, used 2031K [0x00000000d5d00000, 0x00000000d5f80000, 0x0000000100000000)
  eden space 1536K, 99% used [0x00000000d5d00000,0x00000000d5e7fdd8,0x00000000d5e80000)
  from space 512K, 96% used [0x00000000d5e80000,0x00000000d5efc010,0x00000000d5f00000)
  to   space 512K, 0% used [0x00000000d5f00000,0x00000000d5f00000,0x00000000d5f80000)
 ParOldGen       total 5632K, used 32K [0x0000000081600000, 0x0000000081b80000, 0x00000000d5d00000)
  object space 5632K, 0% used [0x0000000081600000,0x0000000081608000,0x0000000081b80000)
 Metaspace       used 4181K, capacity 5326K, committed 5504K, reserved 1056768K
  class space    used 500K, capacity 522K, committed 640K, reserved 1048576K
Event: 0.198 GC heap after
Heap after GC invocations=2 (full 0):
 PSYoungGen      total 2048K, used 496K [0x00000000d5d00000, 0x00000000d5f80000, 0x0000000100000000)
  eden space 1536K, 0% used [0x00000000d5d00000,0x00000000d5d00000,0x00000000d5e80000)
  from space 512K, 96% used [0x00000000d5f00000,0x00000000d5f7c010,0x00000000d5f80000)
  to   space 512K, 0% used [0x00000000d5e80000,0x00000000d5e80000,0x00000000d5f00000)
 ParOldGen       total 5632K, used 128K [0x0000000081600000, 0x0000000081b80000, 0x00000000d5d00000)
  object space 5632K, 2% used [0x0000000081600000,0x0000000081620000,0x0000000081b80000)
 Metaspace       used 4181K, capacity 5326K, committed 5504K, reserved 1056768K
  class space    used 500K, capacity 522K, committed 640K, reserved 1048576K
}
Event: 0.199 GC heap before
{Heap before GC invocations=3 (full 0):
 PSYoungGen      total 2048K, used 543K [0x00000000d5d00000, 0x00000000d5f80000, 0x0000000100000000)
  eden space 1536K, 3% used [0x00000000d5d00000,0x00000000d5d0bd90,0x00000000d5e80000)
  from space 512K, 96% used [0x00000000d5f00000,0x00000000d5f7c010,0x00000000d5f80000)
  to   space 512K, 0% used [0x00000000d5e80000,0x00000000d5e80000,0x00000000d5f00000)
 ParOldGen       total 5632K, used 128K [0x0000000081600000, 0x0000000081b80000, 0x00000000d5d00000)
  object space 5632K, 2% used [0x0000000081600000,0x0000000081620000,0x0000000081b80000)
 Metaspace       used 4185K, capacity 5326K, committed 5504K, reserved 1060864K
  class space    used 501K, capacity 522K, committed 640K, reserved 1048576K
Event: 0.201 GC heap after
Heap after GC invocations=3 (full 0):
 PSYoungGen      total 2048K, used 496K [0x00000000d5d00000, 0x00000000d5f80000, 0x0000000100000000)
  eden space 1536K, 0% used [0x00000000d5d00000,0x00000000d5d00000,0x00000000d5e80000)
  from space 512K, 96% used [0x00000000d5e80000,0x00000000d5efc010,0x00000000d5f00000)
  to   space 512K, 0% used [0x00000000d5f00000,0x00000000d5f00000,0x00000000d5f80000)
 ParOldGen       total 5632K, used 152K [0x0000000081600000, 0x0000000081b80000, 0x00000000d5d00000)
  object space 5632K, 2% used [0x0000000081600000,0x0000000081626000,0x0000000081b80000)
 Metaspace       used 4185K, capacity 5326K, committed 5504K, reserved 1060864K
  class space    used 501K, capacity 522K, committed 640K, reserved 1048576K
}
Event: 0.201 GC heap before
{Heap before GC invocations=4 (full 1):
 PSYoungGen      total 2048K, used 496K [0x00000000d5d00000, 0x00000000d5f80000, 0x0000000100000000)
  eden space 1536K, 0% used [0x00000000d5d00000,0x00000000d5d00000,0x00000000d5e80000)
  from space 512K, 96% used [0x00000000d5e80000,0x00000000d5efc010,0x00000000d5f00000)
  to   space 512K, 0% used [0x00000000d5f00000,0x00000000d5f00000,0x00000000d5f80000)
 ParOldGen       total 5632K, used 152K [0x0000000081600000, 0x0000000081b80000, 0x00000000d5d00000)
  object space 5632K, 2% used [0x0000000081600000,0x0000000081626000,0x0000000081b80000)
 Metaspace       used 4185K, capacity 5326K, committed 5504K, reserved 1060864K
  class space    used 501K, capacity 522K, committed 640K, reserved 1048576K
Event: 0.208 GC heap after
Heap after GC invocations=4 (full 1):
 PSYoungGen      total 2048K, used 0K [0x00000000d5d00000, 0x00000000d5f80000, 0x0000000100000000)
  eden space 1536K, 0% used [0x00000000d5d00000,0x00000000d5d00000,0x00000000d5e80000)
  from space 512K, 0% used [0x00000000d5e80000,0x00000000d5e80000,0x00000000d5f00000)
  to   space 512K, 0% used [0x00000000d5f00000,0x00000000d5f00000,0x00000000d5f80000)
 ParOldGen       total 5632K, used 547K [0x0000000081600000, 0x0000000081b80000, 0x00000000d5d00000)
  object space 5632K, 9% used [0x0000000081600000,0x0000000081688ec8,0x0000000081b80000)
 Metaspace       used 4185K, capacity 5326K, committed 5504K, reserved 1058816K
  class space    used 501K, capacity 522K, committed 640K, reserved 1048576K
}
Event: 0.208 GC heap before
{Heap before GC invocations=5 (full 1):
 PSYoungGen      total 2048K, used 0K [0x00000000d5d00000, 0x00000000d5f80000, 0x0000000100000000)
  eden space 1536K, 0% used [0x00000000d5d00000,0x00000000d5d00000,0x00000000d5e80000)
  from space 512K, 0% used [0x00000000d5e80000,0x00000000d5e80000,0x00000000d5f00000)
  to   space 512K, 0% used [0x00000000d5f00000,0x00000000d5f00000,0x00000000d5f80000)
 ParOldGen       total 5632K, used 547K [0x0000000081600000, 0x0000000081b80000, 0x00000000d5d00000)
  object space 5632K, 9% used [0x0000000081600000,0x0000000081688ec8,0x0000000081b80000)
 Metaspace       used 4185K, capacity 5326K, committed 5504K, reserved 1062912K
  class space    used 501K, capacity 522K, committed 640K, reserved 1048576K
Event: 0.209 GC heap after
Heap after GC invocations=5 (full 1):
 PSYoungGen      total 2048K, used 0K [0x00000000d5d00000, 0x00000000d5f80000, 0x0000000100000000)
  eden space 1536K, 0% used [0x00000000d5d00000,0x00000000d5d00000,0x00000000d5e80000)
  from space 512K, 0% used [0x00000000d5f00000,0x00000000d5f00000,0x00000000d5f80000)
  to   space 512K, 0% used [0x00000000d5e80000,0x00000000d5e80000,0x00000000d5f00000)
 ParOldGen       total 5632K, used 547K [0x0000000081600000, 0x0000000081b80000, 0x00000000d5d00000)
  object space 5632K, 9% used [0x0000000081600000,0x0000000081688ec8,0x0000000081b80000)
 Metaspace       used 4185K, capacity 5326K, committed 5504K, reserved 1062912K
  class space    used 501K, capacity 522K, committed 640K, reserved 1048576K
}
Event: 0.209 GC heap before
{Heap before GC invocations=6 (full 2):
 PSYoungGen      total 2048K, used 0K [0x00000000d5d00000, 0x00000000d5f80000, 0x0000000100000000)
  eden space 1536K, 0% used [0x00000000d5d00000,0x00000000d5d00000,0x00000000d5e80000)
  from space 512K, 0% used [0x00000000d5f00000,0x00000000d5f00000,0x00000000d5f80000)
  to   space 512K, 0% used [0x00000000d5e80000,0x00000000d5e80000,0x00000000d5f00000)
 ParOldGen       total 5632K, used 547K [0x0000000081600000, 0x0000000081b80000, 0x00000000d5d00000)
  object space 5632K, 9% used [0x0000000081600000,0x0000000081688ec8,0x0000000081b80000)
 Metaspace       used 4185K, capacity 5326K, committed 5504K, reserved 1062912K
  class space    used 501K, capacity 522K, committed 640K, reserved 1048576K
Event: 0.216 GC heap after
Heap after GC invocations=6 (full 2):
 PSYoungGen      total 2048K, used 0K [0x00000000d5d00000, 0x00000000d5f80000, 0x0000000100000000)
  eden space 1536K, 0% used [0x00000000d5d00000,0x00000000d5d00000,0x00000000d5e80000)
  from space 512K, 0% used [0x00000000d5f00000,0x00000000d5f00000,0x00000000d5f80000)
  to   space 512K, 0% used [0x00000000d5e80000,0x00000000d5e80000,0x00000000d5f00000)
 ParOldGen       total 5632K, used 529K [0x0000000081600000, 0x0000000081b80000, 0x00000000d5d00000)
  object space 5632K, 9% used [0x0000000081600000,0x0000000081684680,0x0000000081b80000)
 Metaspace       used 4185K, capacity 5326K, committed 5504K, reserved 1058816K
  class space    used 501K, capacity 522K, committed 640K, reserved 1048576K
}

